<?xml version="1.0" encoding="UTF-8"?>
<!-- Generated by org.testng.reporters.JUnitReportReporter -->
<testsuite skipped="0" hostname="YORAM" name="com.patrick.testcases.TC_Login" tests="1" failures="0" timestamp="24 Oct 2019 12:57:44 GMT" time="2.367" errors="0">
  <testcase name="loginApp" time="2.367" classname="com.patrick.testcases.TC_Login"/>
</testsuite> <!-- com.patrick.testcases.TC_Login -->
