<?xml version="1.0" encoding="UTF-8"?>
<!-- Generated by org.testng.reporters.JUnitReportReporter -->
<testsuite skipped="0" hostname="YORAM" name="com.webdriver.framework.TestRunner" tests="1" failures="0" timestamp="04 Nov 2019 14:47:20 GMT" time="59.515" errors="0">
  <testcase name="TestRunner" time="59.515" classname="com.webdriver.framework.TestRunner"/>
</testsuite> <!-- com.webdriver.framework.TestRunner -->
