<?xml version="1.0" encoding="UTF-8"?>
<!-- Generated by org.testng.reporters.JUnitReportReporter -->
<testsuite skipped="0" hostname="YORAM" name="com.patrick.testcases.LoginTestCRM" tests="1" failures="0" timestamp="24 Oct 2019 12:49:33 GMT" time="2.814" errors="0">
  <testcase name="loginApp" time="2.814" classname="com.patrick.testcases.LoginTestCRM"/>
</testsuite> <!-- com.patrick.testcases.LoginTestCRM -->
