<?xml version="1.0" encoding="UTF-8"?>
<!-- Generated by org.testng.reporters.JUnitReportReporter -->
<testsuite skipped="0" hostname="YORAM" name="com.webdriver.framework.TestRunner" tests="1" failures="0" timestamp="30 Oct 2019 10:18:33 GMT" time="1.289" errors="0">
  <testcase name="TestRunner" time="1.289" classname="com.webdriver.framework.TestRunner"/>
</testsuite> <!-- com.webdriver.framework.TestRunner -->
