<?xml version="1.0" encoding="UTF-8"?>
<!-- Generated by org.testng.reporters.JUnitReportReporter -->
<testsuite skipped="0" hostname="YORAM" name="com.webdriver.framework.TestRunner" tests="1" failures="0" timestamp="31 Oct 2019 12:43:05 GMT" time="20.862" errors="0">
  <testcase name="TestRunner" time="20.862" classname="com.webdriver.framework.TestRunner"/>
</testsuite> <!-- com.webdriver.framework.TestRunner -->
