<?xml version="1.0" encoding="UTF-8"?>
<!-- Generated by org.testng.reporters.JUnitReportReporter -->
<testsuite skipped="0" hostname="YORAM" name="com.webdriver.framework.TestDriver" tests="1" failures="0" timestamp="28 Oct 2019 10:38:38 GMT" time="0.536" errors="0">
  <testcase name="TC_Driver" time="0.536" classname="com.webdriver.framework.TestDriver"/>
</testsuite> <!-- com.webdriver.framework.TestDriver -->
